Performing C SOURCE FILE Test CMAKE_HAVE_LIBC_PTHREAD failed with the following output:
Change Dir: /media/hlg/208C0CEF8C0CC170/hlg/cmake_code/skeleton-tracking/build/CMakeFiles/CMakeTmp

Run Build Command(s):/usr/bin/make cmTC_91dc9/fast && /usr/bin/make -f CMakeFiles/cmTC_91dc9.dir/build.make CMakeFiles/cmTC_91dc9.dir/build
make[1]: Entering directory '/media/hlg/208C0CEF8C0CC170/hlg/cmake_code/skeleton-tracking/build/CMakeFiles/CMakeTmp'
Building C object CMakeFiles/cmTC_91dc9.dir/src.c.o
/usr/bin/cc   -fPIC -DCMAKE_HAVE_LIBC_PTHREAD   -o CMakeFiles/cmTC_91dc9.dir/src.c.o   -c /media/hlg/208C0CEF8C0CC170/hlg/cmake_code/skeleton-tracking/build/CMakeFiles/CMakeTmp/src.c
Linking C executable cmTC_91dc9
/media/hlg/6AA80074A8004155/cmake-3.16.2-Linux-x86_64/bin/cmake -E cmake_link_script CMakeFiles/cmTC_91dc9.dir/link.txt --verbose=1
/usr/bin/cc -fPIC -DCMAKE_HAVE_LIBC_PTHREAD    -rdynamic CMakeFiles/cmTC_91dc9.dir/src.c.o  -o cmTC_91dc9 
CMakeFiles/cmTC_91dc9.dir/src.c.o：在函数‘main’中：
src.c:(.text+0x3e)：对‘pthread_create’未定义的引用
src.c:(.text+0x4a)：对‘pthread_detach’未定义的引用
src.c:(.text+0x5b)：对‘pthread_join’未定义的引用
src.c:(.text+0x6f)：对‘pthread_atfork’未定义的引用
collect2: error: ld returned 1 exit status
CMakeFiles/cmTC_91dc9.dir/build.make:86: recipe for target 'cmTC_91dc9' failed
make[1]: *** [cmTC_91dc9] Error 1
make[1]: Leaving directory '/media/hlg/208C0CEF8C0CC170/hlg/cmake_code/skeleton-tracking/build/CMakeFiles/CMakeTmp'
Makefile:121: recipe for target 'cmTC_91dc9/fast' failed
make: *** [cmTC_91dc9/fast] Error 2


Source file was:
#include <pthread.h>

void* test_func(void* data)
{
  return data;
}

int main(void)
{
  pthread_t thread;
  pthread_create(&thread, NULL, test_func, NULL);
  pthread_detach(thread);
  pthread_join(thread, NULL);
  pthread_atfork(NULL, NULL, NULL);
  pthread_exit(NULL);

  return 0;
}

Determining if the function pthread_create exists in the pthreads failed with the following output:
Change Dir: /media/hlg/208C0CEF8C0CC170/hlg/cmake_code/skeleton-tracking/build/CMakeFiles/CMakeTmp

Run Build Command(s):/usr/bin/make cmTC_dc13d/fast && /usr/bin/make -f CMakeFiles/cmTC_dc13d.dir/build.make CMakeFiles/cmTC_dc13d.dir/build
make[1]: Entering directory '/media/hlg/208C0CEF8C0CC170/hlg/cmake_code/skeleton-tracking/build/CMakeFiles/CMakeTmp'
Building C object CMakeFiles/cmTC_dc13d.dir/CheckFunctionExists.c.o
/usr/bin/cc   -fPIC -DCHECK_FUNCTION_EXISTS=pthread_create   -o CMakeFiles/cmTC_dc13d.dir/CheckFunctionExists.c.o   -c /media/hlg/6AA80074A8004155/cmake-3.16.2-Linux-x86_64/share/cmake-3.16/Modules/CheckFunctionExists.c
Linking C executable cmTC_dc13d
/media/hlg/6AA80074A8004155/cmake-3.16.2-Linux-x86_64/bin/cmake -E cmake_link_script CMakeFiles/cmTC_dc13d.dir/link.txt --verbose=1
/usr/bin/cc -fPIC -DCHECK_FUNCTION_EXISTS=pthread_create    -rdynamic CMakeFiles/cmTC_dc13d.dir/CheckFunctionExists.c.o  -o cmTC_dc13d  -lpthreads 
/usr/bin/ld: 找不到 -lpthreads
collect2: error: ld returned 1 exit status
CMakeFiles/cmTC_dc13d.dir/build.make:86: recipe for target 'cmTC_dc13d' failed
make[1]: *** [cmTC_dc13d] Error 1
make[1]: Leaving directory '/media/hlg/208C0CEF8C0CC170/hlg/cmake_code/skeleton-tracking/build/CMakeFiles/CMakeTmp'
Makefile:121: recipe for target 'cmTC_dc13d/fast' failed
make: *** [cmTC_dc13d/fast] Error 2



